<?xml version="1.0" encoding="UTF-8"?>
<!-- Generated by org.testng.reporters.JUnitReportReporter -->
<testsuite hostname="RADZIK-ПК" name="cmc.ps.test.LegalEntityServiceTest" tests="1" failures="0" timestamp="20 Apr 2014 13:12:26 GMT" time="0.017" errors="0">
  <testcase name="test3" time="0.017" classname="cmc.ps.test.LegalEntityServiceTest"/>
</testsuite> <!-- cmc.ps.test.LegalEntityServiceTest -->
