<?xml version="1.0" encoding="UTF-8"?>
<!-- Generated by org.testng.reporters.JUnitReportReporter -->
<testsuite hostname="RADZIK-ПК" name="cmc.ps.test.OwnerServiceTest" tests="1" failures="0" timestamp="20 Apr 2014 13:12:26 GMT" time="0.045" errors="0">
  <testcase name="simpletest" time="0.045" classname="cmc.ps.test.OwnerServiceTest"/>
</testsuite> <!-- cmc.ps.test.OwnerServiceTest -->
